{"E:\\repetory\\movie\\代码\\app.js":{"path":"E:\\repetory\\movie\\代码\\app.js","s":{"1":1,"2":1,"3":1,"4":1,"5":1,"6":1,"7":1,"8":1},"b":{},"f":{},"fnMap":{},"statementMap":{"1":{"start":{"line":1,"column":0},"end":{"line":1,"column":33}},"2":{"start":{"line":2,"column":0},"end":{"line":2,"column":50}},"3":{"start":{"line":3,"column":0},"end":{"line":3,"column":39}},"4":{"start":{"line":4,"column":0},"end":{"line":4,"column":20}},"5":{"start":{"line":5,"column":0},"end":{"line":5,"column":17}},"6":{"start":{"line":6,"column":0},"end":{"line":6,"column":24}},"7":{"start":{"line":7,"column":0},"end":{"line":7,"column":12}},"8":{"start":{"line":8,"column":0},"end":{"line":8,"column":21}}},"branchMap":{}},"E:\\repetory\\movie\\代码\\routes\\environment.js":{"path":"E:\\repetory\\movie\\代码\\routes\\environment.js","s":{"1":1,"2":1,"3":1,"4":1,"5":1,"6":1,"7":1,"8":1,"9":1,"10":1,"11":1,"12":1,"13":1,"14":1},"b":{},"f":{"1":1},"fnMap":{"1":{"name":"(anonymous_1)","line":8,"loc":{"start":{"line":8,"column":17},"end":{"line":8,"column":32}}}},"statementMap":{"1":{"start":{"line":1,"column":0},"end":{"line":1,"column":33}},"2":{"start":{"line":2,"column":0},"end":{"line":2,"column":27}},"3":{"start":{"line":3,"column":0},"end":{"line":3,"column":39}},"4":{"start":{"line":4,"column":0},"end":{"line":4,"column":31}},"5":{"start":{"line":5,"column":0},"end":{"line":5,"column":44}},"6":{"start":{"line":6,"column":0},"end":{"line":6,"column":40}},"7":{"start":{"line":8,"column":0},"end":{"line":20,"column":2}},"8":{"start":{"line":10,"column":4},"end":{"line":10,"column":55}},"9":{"start":{"line":11,"column":4},"end":{"line":11,"column":34}},"10":{"start":{"line":15,"column":4},"end":{"line":15,"column":27}},"11":{"start":{"line":16,"column":4},"end":{"line":16,"column":31}},"12":{"start":{"line":17,"column":4},"end":{"line":17,"column":56}},"13":{"start":{"line":18,"column":4},"end":{"line":18,"column":28}},"14":{"start":{"line":19,"column":4},"end":{"line":19,"column":63}}},"branchMap":{}},"E:\\repetory\\movie\\代码\\routes\\index.js":{"path":"E:\\repetory\\movie\\代码\\routes\\index.js","s":{"1":1,"2":1,"3":1,"4":1,"5":1,"6":1,"7":1,"8":1,"9":1,"10":1,"11":1,"12":1,"13":1,"14":1,"15":1,"16":1,"17":1,"18":1,"19":1},"b":{},"f":{"1":1},"fnMap":{"1":{"name":"(anonymous_1)","line":3,"loc":{"start":{"line":3,"column":17},"end":{"line":3,"column":32}}}},"statementMap":{"1":{"start":{"line":1,"column":0},"end":{"line":1,"column":44}},"2":{"start":{"line":3,"column":0},"end":{"line":67,"column":2}},"3":{"start":{"line":11,"column":4},"end":{"line":11,"column":58}},"4":{"start":{"line":13,"column":4},"end":{"line":13,"column":75}},"5":{"start":{"line":15,"column":4},"end":{"line":15,"column":103}},"6":{"start":{"line":19,"column":1},"end":{"line":19,"column":66}},"7":{"start":{"line":20,"column":1},"end":{"line":20,"column":88}},"8":{"start":{"line":24,"column":1},"end":{"line":24,"column":81}},"9":{"start":{"line":26,"column":1},"end":{"line":26,"column":117}},"10":{"start":{"line":37,"column":1},"end":{"line":37,"column":72}},"11":{"start":{"line":42,"column":4},"end":{"line":42,"column":80}},"12":{"start":{"line":44,"column":1},"end":{"line":44,"column":83}},"13":{"start":{"line":46,"column":1},"end":{"line":46,"column":156}},"14":{"start":{"line":48,"column":1},"end":{"line":48,"column":168}},"15":{"start":{"line":50,"column":1},"end":{"line":50,"column":100}},"16":{"start":{"line":56,"column":1},"end":{"line":56,"column":93}},"17":{"start":{"line":58,"column":1},"end":{"line":58,"column":127}},"18":{"start":{"line":60,"column":1},"end":{"line":60,"column":119}},"19":{"start":{"line":62,"column":1},"end":{"line":62,"column":108}}},"branchMap":{}},"E:\\repetory\\movie\\代码\\controllers\\index.js":{"path":"E:\\repetory\\movie\\代码\\controllers\\index.js","s":{"1":1},"b":{},"f":{},"fnMap":{},"statementMap":{"1":{"start":{"line":1,"column":0},"end":{"line":4,"column":2}}},"branchMap":{}},"E:\\repetory\\movie\\代码\\controllers\\User\\index.js":{"path":"E:\\repetory\\movie\\代码\\controllers\\User\\index.js","s":{"1":1},"b":{},"f":{},"fnMap":{},"statementMap":{"1":{"start":{"line":1,"column":0},"end":{"line":5,"column":2}}},"branchMap":{}},"E:\\repetory\\movie\\代码\\controllers\\User\\indexController.js":{"path":"E:\\repetory\\movie\\代码\\controllers\\User\\indexController.js","s":{"1":1,"2":1,"3":1,"4":0,"5":0,"6":0,"7":0,"8":0,"9":0,"10":0,"11":0,"12":0,"13":0},"b":{},"f":{"1":0,"2":0,"3":0,"4":0},"fnMap":{"1":{"name":"(anonymous_1)","line":9,"loc":{"start":{"line":9,"column":13},"end":{"line":9,"column":37}}},"2":{"name":"(anonymous_2)","line":15,"loc":{"start":{"line":15,"column":13},"end":{"line":15,"column":31}}},"3":{"name":"(anonymous_3)","line":26,"loc":{"start":{"line":26,"column":18},"end":{"line":26,"column":42}}},"4":{"name":"(anonymous_4)","line":39,"loc":{"start":{"line":39,"column":22},"end":{"line":39,"column":48}}}},"statementMap":{"1":{"start":{"line":1,"column":0},"end":{"line":1,"column":56}},"2":{"start":{"line":2,"column":0},"end":{"line":2,"column":51}},"3":{"start":{"line":4,"column":0},"end":{"line":50,"column":2}},"4":{"start":{"line":10,"column":5},"end":{"line":17,"column":20}},"5":{"start":{"line":16,"column":6},"end":{"line":16,"column":48}},"6":{"start":{"line":27,"column":5},"end":{"line":27,"column":36}},"7":{"start":{"line":28,"column":5},"end":{"line":28,"column":103}},"8":{"start":{"line":29,"column":5},"end":{"line":31,"column":8}},"9":{"start":{"line":30,"column":6},"end":{"line":30,"column":23}},"10":{"start":{"line":40,"column":2},"end":{"line":40,"column":53}},"11":{"start":{"line":41,"column":2},"end":{"line":41,"column":116}},"12":{"start":{"line":42,"column":2},"end":{"line":47,"column":5}},"13":{"start":{"line":43,"column":3},"end":{"line":46,"column":6}}},"branchMap":{}},"E:\\repetory\\movie\\代码\\config\\db.js":{"path":"E:\\repetory\\movie\\代码\\config\\db.js","s":{"1":1,"2":1,"3":1,"4":0,"5":0,"6":1,"7":1},"b":{},"f":{"1":0,"2":0},"fnMap":{"1":{"name":"(anonymous_1)","line":18,"loc":{"start":{"line":18,"column":30},"end":{"line":18,"column":41}}},"2":{"name":"(anonymous_2)","line":20,"loc":{"start":{"line":20,"column":9},"end":{"line":20,"column":23}}}},"statementMap":{"1":{"start":{"line":5,"column":0},"end":{"line":5,"column":39}},"2":{"start":{"line":6,"column":0},"end":{"line":15,"column":3}},"3":{"start":{"line":18,"column":0},"end":{"line":24,"column":3}},"4":{"start":{"line":22,"column":4},"end":{"line":22,"column":23}},"5":{"start":{"line":23,"column":4},"end":{"line":23,"column":14}},"6":{"start":{"line":27,"column":0},"end":{"line":27,"column":30}},"7":{"start":{"line":28,"column":0},"end":{"line":28,"column":30}}},"branchMap":{}},"E:\\repetory\\movie\\代码\\models\\Movie.js":{"path":"E:\\repetory\\movie\\代码\\models\\Movie.js","s":{"1":1,"2":1,"3":1},"b":{},"f":{"1":1},"fnMap":{"1":{"name":"(anonymous_1)","line":7,"loc":{"start":{"line":7,"column":17},"end":{"line":7,"column":48}}}},"statementMap":{"1":{"start":{"line":7,"column":0},"end":{"line":73,"column":1}},"2":{"start":{"line":8,"column":4},"end":{"line":72,"column":7}},"3":{"start":{"line":76,"column":0},"end":{"line":78,"column":1}}},"branchMap":{}},"E:\\repetory\\movie\\代码\\controllers\\User\\allMovieController.js":{"path":"E:\\repetory\\movie\\代码\\controllers\\User\\allMovieController.js","s":{"1":1,"2":1,"3":1,"4":0,"5":0,"6":0,"7":0,"8":0,"9":0,"10":0,"11":0,"12":0,"13":0,"14":0,"15":0,"16":0,"17":0},"b":{"1":[0,0],"2":[0,0]},"f":{"1":0,"2":0},"fnMap":{"1":{"name":"(anonymous_1)","line":12,"loc":{"start":{"line":12,"column":13},"end":{"line":12,"column":37}}},"2":{"name":"(anonymous_2)","line":22,"loc":{"start":{"line":22,"column":10},"end":{"line":22,"column":36}}}},"statementMap":{"1":{"start":{"line":1,"column":0},"end":{"line":1,"column":56}},"2":{"start":{"line":2,"column":0},"end":{"line":2,"column":51}},"3":{"start":{"line":4,"column":0},"end":{"line":43,"column":2}},"4":{"start":{"line":13,"column":8},"end":{"line":13,"column":36}},"5":{"start":{"line":23,"column":2},"end":{"line":23,"column":33}},"6":{"start":{"line":24,"column":2},"end":{"line":24,"column":31}},"7":{"start":{"line":25,"column":2},"end":{"line":40,"column":3}},"8":{"start":{"line":26,"column":3},"end":{"line":26,"column":89}},"9":{"start":{"line":27,"column":3},"end":{"line":29,"column":6}},"10":{"start":{"line":28,"column":4},"end":{"line":28,"column":21}},"11":{"start":{"line":30,"column":9},"end":{"line":40,"column":3}},"12":{"start":{"line":31,"column":3},"end":{"line":31,"column":91}},"13":{"start":{"line":32,"column":3},"end":{"line":34,"column":6}},"14":{"start":{"line":33,"column":4},"end":{"line":33,"column":21}},"15":{"start":{"line":36,"column":3},"end":{"line":36,"column":69}},"16":{"start":{"line":37,"column":3},"end":{"line":39,"column":6}},"17":{"start":{"line":38,"column":4},"end":{"line":38,"column":21}}},"branchMap":{"1":{"line":25,"type":"if","locations":[{"start":{"line":25,"column":2},"end":{"line":25,"column":2}},{"start":{"line":25,"column":2},"end":{"line":25,"column":2}}]},"2":{"line":30,"type":"if","locations":[{"start":{"line":30,"column":9},"end":{"line":30,"column":9}},{"start":{"line":30,"column":9},"end":{"line":30,"column":9}}]}}},"E:\\repetory\\movie\\代码\\controllers\\User\\movieInfoController.js":{"path":"E:\\repetory\\movie\\代码\\controllers\\User\\movieInfoController.js","s":{"1":1,"2":1,"3":1,"4":0,"5":0,"6":0,"7":0,"8":0,"9":0,"10":0,"11":0,"12":0},"b":{},"f":{"1":0,"2":0,"3":0,"4":0},"fnMap":{"1":{"name":"(anonymous_1)","line":12,"loc":{"start":{"line":12,"column":13},"end":{"line":12,"column":37}}},"2":{"name":"(anonymous_2)","line":14,"loc":{"start":{"line":14,"column":38},"end":{"line":14,"column":56}}},"3":{"name":"(anonymous_3)","line":36,"loc":{"start":{"line":36,"column":23},"end":{"line":36,"column":49}}},"4":{"name":"(anonymous_4)","line":38,"loc":{"start":{"line":38,"column":41},"end":{"line":38,"column":59}}}},"statementMap":{"1":{"start":{"line":1,"column":0},"end":{"line":1,"column":56}},"2":{"start":{"line":2,"column":0},"end":{"line":2,"column":51}},"3":{"start":{"line":4,"column":0},"end":{"line":49,"column":2}},"4":{"start":{"line":13,"column":5},"end":{"line":13,"column":46}},"5":{"start":{"line":14,"column":5},"end":{"line":27,"column":7}},"6":{"start":{"line":15,"column":6},"end":{"line":26,"column":9}},"7":{"start":{"line":37,"column":2},"end":{"line":37,"column":43}},"8":{"start":{"line":38,"column":8},"end":{"line":44,"column":10}},"9":{"start":{"line":39,"column":12},"end":{"line":39,"column":52}},"10":{"start":{"line":40,"column":9},"end":{"line":40,"column":107}},"11":{"start":{"line":41,"column":9},"end":{"line":43,"column":12}},"12":{"start":{"line":42,"column":10},"end":{"line":42,"column":25}}},"branchMap":{}},"E:\\repetory\\movie\\代码\\controllers\\Admin\\index.js":{"path":"E:\\repetory\\movie\\代码\\controllers\\Admin\\index.js","s":{"1":1},"b":{},"f":{},"fnMap":{},"statementMap":{"1":{"start":{"line":1,"column":0},"end":{"line":7,"column":2}}},"branchMap":{}},"E:\\repetory\\movie\\代码\\controllers\\Admin\\adminInfoController.js":{"path":"E:\\repetory\\movie\\代码\\controllers\\Admin\\adminInfoController.js","s":{"1":1,"2":1,"3":1,"4":0},"b":{},"f":{"1":0},"fnMap":{"1":{"name":"(anonymous_1)","line":6,"loc":{"start":{"line":6,"column":20},"end":{"line":6,"column":44}}}},"statementMap":{"1":{"start":{"line":1,"column":0},"end":{"line":1,"column":56}},"2":{"start":{"line":2,"column":0},"end":{"line":2,"column":49}},"3":{"start":{"line":4,"column":0},"end":{"line":10,"column":2}},"4":{"start":{"line":7,"column":8},"end":{"line":7,"column":34}}},"branchMap":{}},"E:\\repetory\\movie\\代码\\models\\User.js":{"path":"E:\\repetory\\movie\\代码\\models\\User.js","s":{"1":1,"2":1,"3":1,"4":0,"5":0,"6":0,"7":0},"b":{},"f":{"1":1,"2":0,"3":0,"4":0,"5":0},"fnMap":{"1":{"name":"(anonymous_1)","line":7,"loc":{"start":{"line":7,"column":17},"end":{"line":7,"column":48}}},"2":{"name":"(anonymous_2)","line":64,"loc":{"start":{"line":64,"column":17},"end":{"line":64,"column":30}}},"3":{"name":"(anonymous_3)","line":68,"loc":{"start":{"line":68,"column":14},"end":{"line":68,"column":32}}},"4":{"name":"(anonymous_4)","line":72,"loc":{"start":{"line":72,"column":20},"end":{"line":72,"column":41}}},"5":{"name":"(anonymous_5)","line":80,"loc":{"start":{"line":80,"column":16},"end":{"line":80,"column":29}}}},"statementMap":{"1":{"start":{"line":7,"column":0},"end":{"line":59,"column":1}},"2":{"start":{"line":8,"column":4},"end":{"line":58,"column":7}},"3":{"start":{"line":62,"column":0},"end":{"line":87,"column":1}},"4":{"start":{"line":65,"column":8},"end":{"line":65,"column":33}},"5":{"start":{"line":69,"column":8},"end":{"line":69,"column":37}},"6":{"start":{"line":73,"column":8},"end":{"line":77,"column":11}},"7":{"start":{"line":81,"column":8},"end":{"line":85,"column":10}}},"branchMap":{}},"E:\\repetory\\movie\\代码\\controllers\\Admin\\userManagementController.js":{"path":"E:\\repetory\\movie\\代码\\controllers\\Admin\\userManagementController.js","s":{},"b":{},"f":{},"fnMap":{},"statementMap":{},"branchMap":{}},"E:\\repetory\\movie\\代码\\controllers\\Admin\\movieManagementController.js":{"path":"E:\\repetory\\movie\\代码\\controllers\\Admin\\movieManagementController.js","s":{"1":1,"2":1,"3":1,"4":0,"5":0,"6":0,"7":0,"8":0,"9":0,"10":0,"11":0,"12":0,"13":0,"14":0,"15":0},"b":{},"f":{"1":0,"2":0,"3":0,"4":0,"5":0,"6":0,"7":0,"8":0,"9":0},"fnMap":{"1":{"name":"(anonymous_1)","line":12,"loc":{"start":{"line":12,"column":10},"end":{"line":12,"column":36}}},"2":{"name":"(anonymous_2)","line":21,"loc":{"start":{"line":21,"column":9},"end":{"line":21,"column":35}}},"3":{"name":"(anonymous_3)","line":26,"loc":{"start":{"line":26,"column":10},"end":{"line":26,"column":28}}},"4":{"name":"(anonymous_4)","line":36,"loc":{"start":{"line":36,"column":15},"end":{"line":36,"column":41}}},"5":{"name":"(anonymous_5)","line":45,"loc":{"start":{"line":45,"column":10},"end":{"line":45,"column":22}}},"6":{"name":"(anonymous_6)","line":55,"loc":{"start":{"line":55,"column":15},"end":{"line":55,"column":41}}},"7":{"name":"(anonymous_7)","line":70,"loc":{"start":{"line":70,"column":11},"end":{"line":70,"column":23}}},"8":{"name":"(anonymous_8)","line":80,"loc":{"start":{"line":80,"column":13},"end":{"line":80,"column":39}}},"9":{"name":"(anonymous_9)","line":86,"loc":{"start":{"line":86,"column":10},"end":{"line":86,"column":22}}}},"statementMap":{"1":{"start":{"line":1,"column":0},"end":{"line":1,"column":56}},"2":{"start":{"line":2,"column":0},"end":{"line":2,"column":51}},"3":{"start":{"line":4,"column":0},"end":{"line":91,"column":2}},"4":{"start":{"line":13,"column":2},"end":{"line":13,"column":38}},"5":{"start":{"line":22,"column":2},"end":{"line":28,"column":4}},"6":{"start":{"line":27,"column":3},"end":{"line":27,"column":20}},"7":{"start":{"line":37,"column":2},"end":{"line":47,"column":17}},"8":{"start":{"line":46,"column":3},"end":{"line":46,"column":39}},"9":{"start":{"line":56,"column":2},"end":{"line":56,"column":43}},"10":{"start":{"line":57,"column":2},"end":{"line":65,"column":4}},"11":{"start":{"line":66,"column":2},"end":{"line":72,"column":17}},"12":{"start":{"line":71,"column":3},"end":{"line":71,"column":39}},"13":{"start":{"line":81,"column":2},"end":{"line":81,"column":43}},"14":{"start":{"line":82,"column":2},"end":{"line":88,"column":17}},"15":{"start":{"line":87,"column":3},"end":{"line":87,"column":39}}},"branchMap":{}},"E:\\repetory\\movie\\代码\\controllers\\Admin\\movieCategoryManagementController.js":{"path":"E:\\repetory\\movie\\代码\\controllers\\Admin\\movieCategoryManagementController.js","s":{"1":1,"2":1,"3":1,"4":0,"5":0,"6":0,"7":0,"8":0,"9":0,"10":0,"11":0},"b":{},"f":{"1":0,"2":0,"3":0,"4":0,"5":0,"6":0,"7":0},"fnMap":{"1":{"name":"(anonymous_1)","line":12,"loc":{"start":{"line":12,"column":23},"end":{"line":12,"column":47}}},"2":{"name":"(anonymous_2)","line":17,"loc":{"start":{"line":17,"column":10},"end":{"line":17,"column":28}}},"3":{"name":"(anonymous_3)","line":28,"loc":{"start":{"line":28,"column":10},"end":{"line":28,"column":36}}},"4":{"name":"(anonymous_4)","line":34,"loc":{"start":{"line":34,"column":13},"end":{"line":34,"column":39}}},"5":{"name":"(anonymous_5)","line":40,"loc":{"start":{"line":40,"column":10},"end":{"line":40,"column":22}}},"6":{"name":"(anonymous_6)","line":50,"loc":{"start":{"line":50,"column":10},"end":{"line":50,"column":36}}},"7":{"name":"(anonymous_7)","line":53,"loc":{"start":{"line":53,"column":10},"end":{"line":53,"column":22}}}},"statementMap":{"1":{"start":{"line":1,"column":0},"end":{"line":1,"column":56}},"2":{"start":{"line":2,"column":0},"end":{"line":2,"column":67}},"3":{"start":{"line":4,"column":0},"end":{"line":67,"column":2}},"4":{"start":{"line":13,"column":2},"end":{"line":19,"column":17}},"5":{"start":{"line":18,"column":3},"end":{"line":18,"column":20}},"6":{"start":{"line":29,"column":2},"end":{"line":29,"column":46}},"7":{"start":{"line":35,"column":2},"end":{"line":35,"column":41}},"8":{"start":{"line":36,"column":2},"end":{"line":42,"column":17}},"9":{"start":{"line":41,"column":3},"end":{"line":41,"column":47}},"10":{"start":{"line":51,"column":2},"end":{"line":55,"column":17}},"11":{"start":{"line":54,"column":3},"end":{"line":54,"column":39}}},"branchMap":{}},"E:\\repetory\\movie\\代码\\models\\ref.js":{"path":"E:\\repetory\\movie\\代码\\models\\ref.js","s":{"1":1,"2":1,"3":1,"4":1,"5":1,"6":1,"7":1,"8":1,"9":1,"10":1},"b":{},"f":{},"fnMap":{},"statementMap":{"1":{"start":{"line":4,"column":0},"end":{"line":4,"column":44}},"2":{"start":{"line":5,"column":0},"end":{"line":5,"column":38}},"3":{"start":{"line":6,"column":0},"end":{"line":6,"column":44}},"4":{"start":{"line":7,"column":0},"end":{"line":7,"column":40}},"5":{"start":{"line":8,"column":0},"end":{"line":8,"column":56}},"6":{"start":{"line":12,"column":0},"end":{"line":12,"column":49}},"7":{"start":{"line":13,"column":0},"end":{"line":13,"column":51}},"8":{"start":{"line":15,"column":0},"end":{"line":15,"column":51}},"9":{"start":{"line":16,"column":0},"end":{"line":16,"column":53}},"10":{"start":{"line":20,"column":0},"end":{"line":20,"column":33}}},"branchMap":{}},"E:\\repetory\\movie\\代码\\models\\Comment.js":{"path":"E:\\repetory\\movie\\代码\\models\\Comment.js","s":{"1":1,"2":1,"3":1},"b":{},"f":{"1":1},"fnMap":{"1":{"name":"(anonymous_1)","line":7,"loc":{"start":{"line":7,"column":17},"end":{"line":7,"column":48}}}},"statementMap":{"1":{"start":{"line":7,"column":0},"end":{"line":65,"column":1}},"2":{"start":{"line":8,"column":4},"end":{"line":64,"column":7}},"3":{"start":{"line":67,"column":0},"end":{"line":69,"column":1}}},"branchMap":{}}}