TN:
SF:E:\repository\movie\代码\app.js
FNF:0
FNH:0
DA:1,1
DA:2,1
DA:3,1
DA:4,1
DA:5,1
DA:6,1
DA:7,1
DA:8,1
LF:8
LH:8
BRF:0
BRH:0
end_of_record
TN:
SF:E:\repository\movie\代码\routes\environment.js
FN:8,(anonymous_1)
FNF:1
FNH:1
FNDA:1,(anonymous_1)
DA:1,1
DA:2,1
DA:3,1
DA:4,1
DA:5,1
DA:6,1
DA:8,1
DA:10,1
DA:11,1
DA:15,1
DA:16,1
DA:17,1
DA:18,1
DA:19,1
LF:14
LH:14
BRF:0
BRH:0
end_of_record
TN:
SF:E:\repository\movie\代码\routes\index.js
FN:3,(anonymous_1)
FNF:1
FNH:1
FNDA:1,(anonymous_1)
DA:1,1
DA:3,1
DA:11,1
DA:13,1
DA:15,1
DA:21,1
DA:22,1
DA:26,1
DA:28,1
DA:38,1
DA:40,1
DA:42,1
DA:44,1
DA:47,1
LF:14
LH:14
BRF:0
BRH:0
end_of_record
TN:
SF:E:\repository\movie\代码\controllers\index.js
FNF:0
FNH:0
DA:1,1
LF:1
LH:1
BRF:0
BRH:0
end_of_record
TN:
SF:E:\repository\movie\代码\controllers\User\index.js
FNF:0
FNH:0
DA:1,1
LF:1
LH:1
BRF:0
BRH:0
end_of_record
TN:
SF:E:\repository\movie\代码\controllers\User\indexController.js
FN:9,(anonymous_1)
FN:15,(anonymous_2)
FN:26,(anonymous_3)
FN:39,(anonymous_4)
FNF:4
FNH:3
FNDA:1,(anonymous_1)
FNDA:1,(anonymous_2)
FNDA:1,(anonymous_3)
FNDA:0,(anonymous_4)
DA:1,1
DA:2,1
DA:4,1
DA:10,1
DA:16,1
DA:27,1
DA:28,1
DA:29,1
DA:30,1
DA:40,0
DA:41,0
DA:42,0
DA:43,0
LF:13
LH:9
BRF:0
BRH:0
end_of_record
TN:
SF:E:\repository\movie\代码\config\db.js
FN:18,(anonymous_1)
FN:20,(anonymous_2)
FNF:2
FNH:1
FNDA:1,(anonymous_1)
FNDA:0,(anonymous_2)
DA:5,1
DA:6,1
DA:18,1
DA:22,0
DA:23,0
DA:27,1
DA:28,1
LF:7
LH:5
BRF:0
BRH:0
end_of_record
TN:
SF:E:\repository\movie\代码\models\Movie.js
FN:7,(anonymous_1)
FNF:1
FNH:1
FNDA:1,(anonymous_1)
DA:7,1
DA:8,1
DA:81,1
LF:3
LH:3
BRF:0
BRH:0
end_of_record
TN:
SF:E:\repository\movie\代码\controllers\User\allMovieController.js
FN:12,(anonymous_1)
FN:22,(anonymous_2)
FNF:2
FNH:2
FNDA:1,(anonymous_1)
FNDA:1,(anonymous_2)
DA:1,1
DA:2,1
DA:4,1
DA:13,1
DA:23,1
DA:24,1
DA:25,1
DA:26,0
DA:27,0
DA:28,0
DA:30,1
DA:31,1
DA:32,1
DA:33,1
DA:36,0
DA:37,0
DA:38,0
LF:17
LH:11
BRDA:25,1,0,0
BRDA:25,1,1,1
BRDA:30,2,0,1
BRDA:30,2,1,0
BRF:4
BRH:2
end_of_record
TN:
SF:E:\repository\movie\代码\controllers\User\movieInfoController.js
FN:12,(anonymous_1)
FN:14,(anonymous_2)
FN:36,(anonymous_3)
FN:38,(anonymous_4)
FNF:4
FNH:4
FNDA:1,(anonymous_1)
FNDA:1,(anonymous_2)
FNDA:1,(anonymous_3)
FNDA:1,(anonymous_4)
DA:1,1
DA:2,1
DA:4,1
DA:13,1
DA:14,1
DA:15,1
DA:37,1
DA:38,1
DA:39,1
DA:40,0
DA:41,0
DA:42,0
LF:12
LH:9
BRF:0
BRH:0
end_of_record
TN:
SF:E:\repository\movie\代码\controllers\Admin\index.js
FNF:0
FNH:0
DA:1,1
LF:1
LH:1
BRF:0
BRH:0
end_of_record
TN:
SF:E:\repository\movie\代码\controllers\Admin\adminInfoController.js
FN:6,(anonymous_1)
FN:7,(anonymous_2)
FN:16,(anonymous_3)
FN:25,(anonymous_4)
FN:33,(anonymous_5)
FN:47,(anonymous_6)
FN:55,(anonymous_7)
FN:61,(anonymous_8)
FNF:8
FNH:0
FNDA:0,(anonymous_1)
FNDA:0,(anonymous_2)
FNDA:0,(anonymous_3)
FNDA:0,(anonymous_4)
FNDA:0,(anonymous_5)
FNDA:0,(anonymous_6)
FNDA:0,(anonymous_7)
FNDA:0,(anonymous_8)
DA:1,1
DA:2,1
DA:4,1
DA:7,0
DA:8,0
DA:17,0
DA:26,0
DA:34,0
DA:43,0
DA:48,0
DA:56,0
DA:57,0
DA:62,0
LF:13
LH:3
BRF:0
BRH:0
end_of_record
TN:
SF:E:\repository\movie\代码\models\User.js
FN:7,(anonymous_1)
FN:64,(anonymous_2)
FN:68,(anonymous_3)
FN:72,(anonymous_4)
FN:80,(anonymous_5)
FNF:5
FNH:1
FNDA:1,(anonymous_1)
FNDA:0,(anonymous_2)
FNDA:0,(anonymous_3)
FNDA:0,(anonymous_4)
FNDA:0,(anonymous_5)
DA:7,1
DA:8,1
DA:62,1
DA:65,0
DA:69,0
DA:73,0
DA:81,0
LF:7
LH:3
BRF:0
BRH:0
end_of_record
TN:
SF:E:\repository\movie\代码\controllers\Admin\userManagementController.js
FNF:0
FNH:0
LF:0
LH:0
BRF:0
BRH:0
end_of_record
TN:
SF:E:\repository\movie\代码\controllers\Admin\movieManagementController.js
FNF:0
FNH:0
LF:0
LH:0
BRF:0
BRH:0
end_of_record
TN:
SF:E:\repository\movie\代码\controllers\Admin\commentManagementController.js
FNF:0
FNH:0
LF:0
LH:0
BRF:0
BRH:0
end_of_record
TN:
SF:E:\repository\movie\代码\controllers\Admin\movieCategoryController.js
FN:12,(anonymous_1)
FN:13,(anonymous_2)
FNF:2
FNH:0
FNDA:0,(anonymous_1)
FNDA:0,(anonymous_2)
DA:1,1
DA:2,1
DA:4,1
DA:13,0
DA:14,0
LF:5
LH:3
BRF:0
BRH:0
end_of_record
TN:
SF:E:\repository\movie\代码\models\MovieCategory.js
FN:7,(anonymous_1)
FNF:1
FNH:1
FNDA:1,(anonymous_1)
DA:7,1
DA:8,1
DA:35,1
LF:3
LH:3
BRF:0
BRH:0
end_of_record
TN:
SF:E:\repository\movie\代码\models\ref.js
FNF:0
FNH:0
DA:4,1
DA:5,1
DA:6,1
DA:7,1
DA:8,1
DA:12,1
DA:13,1
DA:15,1
DA:16,1
DA:20,1
LF:10
LH:10
BRF:0
BRH:0
end_of_record
TN:
SF:E:\repository\movie\代码\models\Comment.js
FN:7,(anonymous_1)
FNF:1
FNH:1
FNDA:1,(anonymous_1)
DA:7,1
DA:8,1
DA:67,1
LF:3
LH:3
BRF:0
BRH:0
end_of_record
